// 重构日志: fa6a8d1a
// 重构日志: d0efd72b
// 重构日志: b61ac4fb
// 同步 ID: e9731ffe @ Mon Jun 29 00:35:34 UTC 2026
// 重构日志: a649b4cf
// 同步 ID: e635299e @ Sat Jul  4 08:03:43 UTC 2026
// 重构日志: 18622b27
// 重构日志: 99ac76da
// 同步 ID: 3dbee076 @ Fri Jul 10 18:23:39 UTC 2026
// 同步 ID: 7a020e91 @ Fri Jul 10 21:56:11 UTC 2026
// 重构日志: f578b174
// 重构日志: 83ece683
// 重构日志: b5b04fb9
// 重构日志: acdf085d
// 同步 ID: 8fe48af2 @ Thu Jul 16 04:03:27 UTC 2026
// 同步 ID: d2abbc31 @ Fri Jul 17 06:49:05 UTC 2026
// 同步 ID: 9d9004ad @ Fri Jul 17 11:49:37 UTC 2026
// 同步 ID: 381873d1 @ Fri Jul 17 14:48:16 UTC 2026
// 同步 ID: 163c12b8 @ Sat Jul 18 12:40:46 UTC 2026
// 同步 ID: 48c3eb23 @ Sun Jul 19 00:35:45 UTC 2026
// 重构日志: f717c2cb
// 同步 ID: ecf0a2b5 @ Sun Jul 19 12:47:04 UTC 2026
// 重构日志: 29b07a54
